[1103/072746.841:ERROR:directory_reader_win.cc(43)] FindFirstFile: El sistema no puede encontrar la ruta especificada. (0x3)
[1104/072749.786:ERROR:directory_reader_win.cc(43)] FindFirstFile: El sistema no puede encontrar la ruta especificada. (0x3)
[1105/161610.768:ERROR:directory_reader_win.cc(43)] FindFirstFile: El sistema no puede encontrar la ruta especificada. (0x3)
[1106/161610.849:ERROR:directory_reader_win.cc(43)] FindFirstFile: El sistema no puede encontrar la ruta especificada. (0x3)
[1107/161610.893:ERROR:directory_reader_win.cc(43)] FindFirstFile: El sistema no puede encontrar la ruta especificada. (0x3)
[1108/161610.975:ERROR:directory_reader_win.cc(43)] FindFirstFile: El sistema no puede encontrar la ruta especificada. (0x3)
[1109/161611.017:ERROR:directory_reader_win.cc(43)] FindFirstFile: El sistema no puede encontrar la ruta especificada. (0x3)
[1110/161611.103:ERROR:directory_reader_win.cc(43)] FindFirstFile: El sistema no puede encontrar la ruta especificada. (0x3)
[1111/161617.234:ERROR:directory_reader_win.cc(43)] FindFirstFile: El sistema no puede encontrar la ruta especificada. (0x3)
[1112/155252.416:ERROR:file_io.cc(90)] ReadExactly: expected 36, observed 0
[1112/161617.352:ERROR:directory_reader_win.cc(43)] FindFirstFile: El sistema no puede encontrar la ruta especificada. (0x3)
[1221/075625.764:ERROR:directory_reader_win.cc(43)] FindFirstFile: El sistema no puede encontrar la ruta especificada. (0x3)
[1222/075625.810:ERROR:directory_reader_win.cc(43)] FindFirstFile: El sistema no puede encontrar la ruta especificada. (0x3)
[1223/162355.038:ERROR:directory_reader_win.cc(43)] FindFirstFile: El sistema no puede encontrar la ruta especificada. (0x3)
[1225/141430.821:ERROR:directory_reader_win.cc(43)] FindFirstFile: El sistema no puede encontrar la ruta especificada. (0x3)
[1226/141430.905:ERROR:directory_reader_win.cc(43)] FindFirstFile: El sistema no puede encontrar la ruta especificada. (0x3)
[1227/141430.958:ERROR:directory_reader_win.cc(43)] FindFirstFile: El sistema no puede encontrar la ruta especificada. (0x3)
[1229/081549.568:ERROR:directory_reader_win.cc(43)] FindFirstFile: El sistema no puede encontrar la ruta especificada. (0x3)
[1230/081549.633:ERROR:directory_reader_win.cc(43)] FindFirstFile: El sistema no puede encontrar la ruta especificada. (0x3)
[1231/081549.690:ERROR:directory_reader_win.cc(43)] FindFirstFile: El sistema no puede encontrar la ruta especificada. (0x3)
[0101/081549.995:ERROR:directory_reader_win.cc(43)] FindFirstFile: El sistema no puede encontrar la ruta especificada. (0x3)
[0102/081550.096:ERROR:directory_reader_win.cc(43)] FindFirstFile: El sistema no puede encontrar la ruta especificada. (0x3)
[0103/081550.212:ERROR:directory_reader_win.cc(43)] FindFirstFile: El sistema no puede encontrar la ruta especificada. (0x3)
[0103/192252.656:ERROR:directory_reader_win.cc(43)] FindFirstFile: El sistema no puede encontrar la ruta especificada. (0x3)
[0104/192252.764:ERROR:directory_reader_win.cc(43)] FindFirstFile: El sistema no puede encontrar la ruta especificada. (0x3)
[0105/192252.841:ERROR:directory_reader_win.cc(43)] FindFirstFile: El sistema no puede encontrar la ruta especificada. (0x3)
[0106/105627.686:ERROR:directory_reader_win.cc(43)] FindFirstFile: El sistema no puede encontrar la ruta especificada. (0x3)
[0107/114427.857:ERROR:directory_reader_win.cc(43)] FindFirstFile: El sistema no puede encontrar la ruta especificada. (0x3)
[0108/114427.953:ERROR:directory_reader_win.cc(43)] FindFirstFile: El sistema no puede encontrar la ruta especificada. (0x3)
[0109/114432.670:ERROR:directory_reader_win.cc(43)] FindFirstFile: El sistema no puede encontrar la ruta especificada. (0x3)
[0110/114432.781:ERROR:directory_reader_win.cc(43)] FindFirstFile: El sistema no puede encontrar la ruta especificada. (0x3)
[0112/113032.178:ERROR:directory_reader_win.cc(43)] FindFirstFile: El sistema no puede encontrar la ruta especificada. (0x3)
[0113/190520.619:ERROR:directory_reader_win.cc(43)] FindFirstFile: El sistema no puede encontrar la ruta especificada. (0x3)
[0115/035203.371:ERROR:directory_reader_win.cc(43)] FindFirstFile: El sistema no puede encontrar la ruta especificada. (0x3)
[0116/035203.431:ERROR:directory_reader_win.cc(43)] FindFirstFile: El sistema no puede encontrar la ruta especificada. (0x3)
[0116/173209.564:ERROR:process_reader_win.cc(151)] SuspendThread: Acceso denegado. (0x5)
[0116/173209.564:ERROR:process_reader_win.cc(151)] SuspendThread: Acceso denegado. (0x5)
[0116/173209.675:ERROR:process_reader_win.cc(151)] SuspendThread: Acceso denegado. (0x5)
[0116/173209.675:ERROR:process_reader_win.cc(151)] SuspendThread: Acceso denegado. (0x5)
[0116/173209.675:ERROR:process_reader_win.cc(151)] SuspendThread: Acceso denegado. (0x5)
[0116/173209.675:ERROR:process_reader_win.cc(151)] SuspendThread: Acceso denegado. (0x5)
[0116/173209.675:ERROR:process_reader_win.cc(151)] SuspendThread: Acceso denegado. (0x5)
[0116/173209.675:ERROR:process_reader_win.cc(151)] SuspendThread: Acceso denegado. (0x5)
[0116/173209.675:ERROR:process_reader_win.cc(151)] SuspendThread: Acceso denegado. (0x5)
[0116/173209.675:ERROR:process_reader_win.cc(151)] SuspendThread: Acceso denegado. (0x5)
[0116/173209.675:ERROR:process_reader_win.cc(151)] SuspendThread: Acceso denegado. (0x5)
[0116/173209.675:ERROR:process_reader_win.cc(123)] NtOpenThread: {Acceso denegado} Un proceso ha solicitado acceso a un objeto, pero no se le han concedido esos derechos de acceso. (0xc0000022)
[0116/173209.675:ERROR:process_reader_win.cc(123)] NtOpenThread: {Acceso denegado} Un proceso ha solicitado acceso a un objeto, pero no se le han concedido esos derechos de acceso. (0xc0000022)
[0116/173209.827:ERROR:exception_snapshot_win.cc(99)] thread ID 21152 not found in process
[0116/173209.827:ERROR:exception_snapshot_win.cc(99)] thread ID 17908 not found in process
[0116/173209.937:ERROR:process_reader_win.cc(151)] SuspendThread: Acceso denegado. (0x5)
[0116/173209.937:ERROR:process_reader_win.cc(151)] SuspendThread: Acceso denegado. (0x5)
[0116/173209.937:ERROR:process_reader_win.cc(151)] SuspendThread: Acceso denegado. (0x5)
[0116/173209.937:ERROR:process_reader_win.cc(151)] SuspendThread: Acceso denegado. (0x5)
[0116/173209.937:ERROR:process_reader_win.cc(151)] SuspendThread: Acceso denegado. (0x5)
[0116/173209.937:ERROR:process_reader_win.cc(151)] SuspendThread: Acceso denegado. (0x5)
[0116/173209.937:ERROR:process_reader_win.cc(151)] SuspendThread: Acceso denegado. (0x5)
[0116/173209.937:ERROR:process_reader_win.cc(151)] SuspendThread: Acceso denegado. (0x5)
[0116/173209.937:ERROR:process_reader_win.cc(123)] NtOpenThread: {Acceso denegado} Un proceso ha solicitado acceso a un objeto, pero no se le han concedido esos derechos de acceso. (0xc0000022)
[0116/173209.937:ERROR:exception_snapshot_win.cc(99)] thread ID 5640 not found in process
[0116/173209.945:ERROR:process_reader_win.cc(151)] SuspendThread: Acceso denegado. (0x5)
[0116/173209.946:ERROR:process_reader_win.cc(151)] SuspendThread: Acceso denegado. (0x5)
[0116/173209.946:ERROR:process_reader_win.cc(151)] SuspendThread: Acceso denegado. (0x5)
[0116/173209.946:ERROR:process_reader_win.cc(151)] SuspendThread: Acceso denegado. (0x5)
[0116/173209.946:ERROR:process_reader_win.cc(151)] SuspendThread: Acceso denegado. (0x5)
[0116/173209.946:ERROR:process_reader_win.cc(151)] SuspendThread: Acceso denegado. (0x5)
[0116/173209.946:ERROR:process_reader_win.cc(151)] SuspendThread: Acceso denegado. (0x5)
[0116/173209.946:ERROR:process_reader_win.cc(151)] SuspendThread: Acceso denegado. (0x5)
[0116/173209.946:ERROR:process_reader_win.cc(123)] NtOpenThread: {Acceso denegado} Un proceso ha solicitado acceso a un objeto, pero no se le han concedido esos derechos de acceso. (0xc0000022)
[0116/173209.946:ERROR:exception_snapshot_win.cc(99)] thread ID 17764 not found in process
